*** Using Compiler 'V5.06 update 7 (build 960)', folder: 'C:\Keil\ARM\ARMCC\Bin'
Build target 'YMX'
compiling h750xbh6.c...
compiling lcd_image.c...
compiling system_stm32h7xx.c...
compiling audioplay.c...
compiling stm32h7xx_hal_msp.c...
compiling videoplayer.c...
compiling main.c...
compiling 24cxx.c...
compiling stm32h7xx_it.c...
compiling es8388.c...
compiling myiic.c...
compiling jpegcodec.c...
compiling key.c...
compiling led.c...
compiling mpu.c...
compiling ltdc.c...
compiling pcf8574.c...
compiling lcd.c...
compiling sai.c...
compiling spi.c...
compiling sdram.c...
compiling timer.c...
compiling delay.c...
compiling sdmmc_sdcard.c...
assembling startup_stm32h750xx.s...
compiling w25qxx.c...
compiling sys.c...
compiling usart.c...
compiling stm32h7xx_hal.c...
compiling stm32h7xx_hal_cortex.c...
compiling stm32h7xx_hal_dma_ex.c...
compiling stm32h7xx_hal_pwr.c...
compiling stm32h7xx_hal_gpio.c...
compiling stm32h7xx_hal_dma.c...
compiling stm32h7xx_hal_dma2d.c...
compiling stm32h7xx_hal_pwr_ex.c...
compiling stm32h7xx_hal_rcc.c...
compiling stm32h7xx_hal_uart_ex.c...
compiling stm32h7xx_hal_rcc_ex.c...
compiling stm32h7xx_hal_uart.c...
compiling stm32h7xx_hal_usart.c...
compiling stm32h7xx_hal_tim_ex.c...
compiling stm32h7xx_hal_tim.c...
compiling stm32h7xx_hal_sram.c...
compiling stm32h7xx_hal_sdram.c...
compiling stm32h7xx_ll_fmc.c...
compiling stm32h7xx_hal_spi_ex.c...
compiling stm32h7xx_hal_mdma.c...
compiling stm32h7xx_hal_ltdc.c...
compiling stm32h7xx_hal_spi.c...
compiling stm32h7xx_hal_sd_ex.c...
compiling stm32h7xx_hal_sd.c...
compiling stm32h7xx_ll_sdmmc.c...
compiling stm32h7xx_hal_sai_ex.c...
compiling stm32h7xx_hal_nand.c...
compiling stm32h7xx_hal_sai.c...
compiling wavplay.c...
compiling diskio.c...
compiling ffsystem.c...
compiling exfuns.c...
compiling ff.c...
compiling fattester.c...
compiling malloc.c...
compiling myffunicode.c...
compiling avi.c...
compiling mjpeg.c...
compiling fontupd.c...
compiling text.c...
linking...
Program Size: Code=50946 RO-data=31650 RW-data=196 ZI-data=58772772  
FromELF: creating hex file...
".\Objects\STM32H750XBH6.axf" - 0 Error(s), 0 Warning(s).
Build Time Elapsed:  00:00:16
